生成启动时间为 2018/2/13 18:29:06。
     1>项目“e:\Documents\Visual Studio 2013\Projects\VCLesson\Lesson17\MailslotSrv\MailslotSrv\MailslotSrv.vcxproj”在节点 2 上(Build 个目标)。
     1>ClCompile:
         D:\Program Files (x86)\Microsoft Visual Studio 12.0\VC\bin\CL.exe /c /ZI /nologo /W3 /WX- /sdl /Od /Oy- /D WIN32 /D _WINDOWS /D _DEBUG /D _MBCS /D _AFXDLL /Gm /EHsc /RTC1 /MDd /GS /fp:precise /Zc:wchar_t /Zc:forScope /Yc"stdafx.h" /Fp"Debug\MailslotSrv.pch" /Fo"Debug\\" /Fd"Debug\vc120.pdb" /Gd /TP /analyze- /errorReport:prompt stdafx.cpp
         stdafx.cpp
     1>d:\program files (x86)\microsoft visual studio 12.0\vc\atlmfc\include\afx.h(38): warning C4996: 'MBCS_Support_Deprecated_In_MFC': MBCS support in MFC is deprecated and may be removed in a future version of MFC.
                 d:\program files (x86)\microsoft visual studio 12.0\vc\atlmfc\include\afx.h(33) : 参见“MBCS_Support_Deprecated_In_MFC”的声明
         D:\Program Files (x86)\Microsoft Visual Studio 12.0\VC\bin\CL.exe /c /ZI /nologo /W3 /WX- /sdl /Od /Oy- /D WIN32 /D _WINDOWS /D _DEBUG /D _MBCS /D _AFXDLL /Gm /EHsc /RTC1 /MDd /GS /fp:precise /Zc:wchar_t /Zc:forScope /Yu"stdafx.h" /Fp"Debug\MailslotSrv.pch" /Fo"Debug\\" /Fd"Debug\vc120.pdb" /Gd /TP /analyze- /errorReport:prompt MailslotSrv.cpp MailslotSrvDoc.cpp MailslotSrvView.cpp MainFrm.cpp
         MainFrm.cpp
         MailslotSrvView.cpp
         MailslotSrvDoc.cpp
         MailslotSrv.cpp
         正在生成代码...
       ResourceCompile:
         C:\Program Files (x86)\Windows Kits\8.1\bin\x86\rc.exe /D _DEBUG /D _AFXDLL /l"0x0804" /IDebug\ /nologo /fo"Debug\MailslotSrv.res" MailslotSrv.rc 
       Link:
         D:\Program Files (x86)\Microsoft Visual Studio 12.0\VC\bin\link.exe /ERRORREPORT:PROMPT /OUT:"e:\Documents\Visual Studio 2013\Projects\VCLesson\Lesson17\MailslotSrv\Debug\MailslotSrv.exe" /INCREMENTAL /NOLOGO /MANIFEST /MANIFESTUAC:"level='asInvoker' uiAccess='false'" /manifest:embed /manifestinput:"D:\Program Files (x86)\Microsoft Visual Studio 12.0\VC\Include\Manifest\dpiaware.manifest" /DEBUG /PDB:"e:\Documents\Visual Studio 2013\Projects\VCLesson\Lesson17\MailslotSrv\Debug\MailslotSrv.pdb" /SUBSYSTEM:WINDOWS /TLBID:1 /DYNAMICBASE /NXCOMPAT /IMPLIB:"e:\Documents\Visual Studio 2013\Projects\VCLesson\Lesson17\MailslotSrv\Debug\MailslotSrv.lib" /MACHINE:X86 Debug\MailslotSrv.res
         Debug\MailslotSrv.obj
         Debug\MailslotSrvDoc.obj
         Debug\MailslotSrvView.obj
         Debug\MainFrm.obj
         Debug\stdafx.obj
         MailslotSrv.vcxproj -> e:\Documents\Visual Studio 2013\Projects\VCLesson\Lesson17\MailslotSrv\Debug\MailslotSrv.exe
     1>已完成生成项目“e:\Documents\Visual Studio 2013\Projects\VCLesson\Lesson17\MailslotSrv\MailslotSrv\MailslotSrv.vcxproj”(Build 个目标)的操作。

生成成功。

已用时间 00:00:03.43
