e:\documents\visual studio 2013\projects\vclesson\lesson11\graphic\graphic\debug\graphic.pch
e:\documents\visual studio 2013\projects\vclesson\lesson11\graphic\graphic\debug\vc120.pdb
e:\documents\visual studio 2013\projects\vclesson\lesson11\graphic\graphic\debug\vc120.idb
e:\documents\visual studio 2013\projects\vclesson\lesson11\graphic\graphic\debug\stdafx.obj
e:\documents\visual studio 2013\projects\vclesson\lesson11\graphic\graphic\debug\graph.obj
e:\documents\visual studio 2013\projects\vclesson\lesson11\graphic\graphic\debug\graphic.obj
e:\documents\visual studio 2013\projects\vclesson\lesson11\graphic\graphic\debug\graphicdoc.obj
e:\documents\visual studio 2013\projects\vclesson\lesson11\graphic\graphic\debug\graphicview.obj
e:\documents\visual studio 2013\projects\vclesson\lesson11\graphic\graphic\debug\mainfrm.obj
e:\documents\visual studio 2013\projects\vclesson\lesson11\graphic\debug\graphic.ilk
e:\documents\visual studio 2013\projects\vclesson\lesson11\graphic\debug\graphic.exe
e:\documents\visual studio 2013\projects\vclesson\lesson11\graphic\debug\graphic.pdb
e:\documents\visual studio 2013\projects\vclesson\lesson11\graphic\graphic\debug\graphic.res
e:\documents\visual studio 2013\projects\vclesson\lesson11\graphic\graphic\debug\graphic.tlog\cl.command.1.tlog
e:\documents\visual studio 2013\projects\vclesson\lesson11\graphic\graphic\debug\graphic.tlog\cl.read.1.tlog
e:\documents\visual studio 2013\projects\vclesson\lesson11\graphic\graphic\debug\graphic.tlog\cl.write.1.tlog
e:\documents\visual studio 2013\projects\vclesson\lesson11\graphic\graphic\debug\graphic.tlog\link.command.1.tlog
e:\documents\visual studio 2013\projects\vclesson\lesson11\graphic\graphic\debug\graphic.tlog\link.read.1.tlog
e:\documents\visual studio 2013\projects\vclesson\lesson11\graphic\graphic\debug\graphic.tlog\link.write.1.tlog
e:\documents\visual studio 2013\projects\vclesson\lesson11\graphic\graphic\debug\graphic.tlog\rc.command.1.tlog
e:\documents\visual studio 2013\projects\vclesson\lesson11\graphic\graphic\debug\graphic.tlog\rc.read.1.tlog
e:\documents\visual studio 2013\projects\vclesson\lesson11\graphic\graphic\debug\graphic.tlog\rc.write.1.tlog
