e:\documents\visual studio 2013\projects\vclesson\lesson10\lesson10\debug\lesson10.pch
e:\documents\visual studio 2013\projects\vclesson\lesson10\lesson10\debug\vc120.pdb
e:\documents\visual studio 2013\projects\vclesson\lesson10\lesson10\debug\vc120.idb
e:\documents\visual studio 2013\projects\vclesson\lesson10\lesson10\debug\stdafx.obj
e:\documents\visual studio 2013\projects\vclesson\lesson10\lesson10\debug\lesson10.obj
e:\documents\visual studio 2013\projects\vclesson\lesson10\lesson10\debug\lesson10doc.obj
e:\documents\visual studio 2013\projects\vclesson\lesson10\lesson10\debug\lesson10view.obj
e:\documents\visual studio 2013\projects\vclesson\lesson10\lesson10\debug\mainfrm.obj
e:\documents\visual studio 2013\projects\vclesson\lesson10\lesson10\debug\settingdlg.obj
e:\documents\visual studio 2013\projects\vclesson\lesson10\lesson10\debug\testbtn.obj
e:\documents\visual studio 2013\projects\vclesson\lesson10\debug\lesson10.ilk
e:\documents\visual studio 2013\projects\vclesson\lesson10\debug\lesson10.exe
e:\documents\visual studio 2013\projects\vclesson\lesson10\debug\lesson10.pdb
e:\documents\visual studio 2013\projects\vclesson\lesson10\lesson10\debug\lesson10.tlog\cl.command.1.tlog
e:\documents\visual studio 2013\projects\vclesson\lesson10\lesson10\debug\lesson10.tlog\cl.read.1.tlog
e:\documents\visual studio 2013\projects\vclesson\lesson10\lesson10\debug\lesson10.tlog\cl.write.1.tlog
e:\documents\visual studio 2013\projects\vclesson\lesson10\lesson10\debug\lesson10.tlog\link.command.1.tlog
e:\documents\visual studio 2013\projects\vclesson\lesson10\lesson10\debug\lesson10.tlog\link.read.1.tlog
e:\documents\visual studio 2013\projects\vclesson\lesson10\lesson10\debug\lesson10.tlog\link.write.1.tlog
e:\documents\visual studio 2013\projects\vclesson\lesson10\lesson10\debug\lesson10.tlog\rc.command.1.tlog
e:\documents\visual studio 2013\projects\vclesson\lesson10\lesson10\debug\lesson10.tlog\rc.read.1.tlog
e:\documents\visual studio 2013\projects\vclesson\lesson10\lesson10\debug\lesson10.tlog\rc.write.1.tlog
