e:\documents\visual studio 2013\projects\vclesson\lesson06\lesson06\debug\lesson06.pch
e:\documents\visual studio 2013\projects\vclesson\lesson06\lesson06\debug\vc120.pdb
e:\documents\visual studio 2013\projects\vclesson\lesson06\lesson06\debug\vc120.idb
e:\documents\visual studio 2013\projects\vclesson\lesson06\lesson06\debug\stdafx.obj
e:\documents\visual studio 2013\projects\vclesson\lesson06\lesson06\debug\lesson06.obj
e:\documents\visual studio 2013\projects\vclesson\lesson06\lesson06\debug\lesson06doc.obj
e:\documents\visual studio 2013\projects\vclesson\lesson06\lesson06\debug\lesson06view.obj
e:\documents\visual studio 2013\projects\vclesson\lesson06\lesson06\debug\mainfrm.obj
e:\documents\visual studio 2013\projects\vclesson\lesson06\debug\lesson06.ilk
e:\documents\visual studio 2013\projects\vclesson\lesson06\debug\lesson06.exe
e:\documents\visual studio 2013\projects\vclesson\lesson06\debug\lesson06.pdb
e:\documents\visual studio 2013\projects\vclesson\lesson06\lesson06\debug\lesson06.res
e:\documents\visual studio 2013\projects\vclesson\lesson06\lesson06\debug\lesson06.tlog\cl.command.1.tlog
e:\documents\visual studio 2013\projects\vclesson\lesson06\lesson06\debug\lesson06.tlog\cl.read.1.tlog
e:\documents\visual studio 2013\projects\vclesson\lesson06\lesson06\debug\lesson06.tlog\cl.write.1.tlog
e:\documents\visual studio 2013\projects\vclesson\lesson06\lesson06\debug\lesson06.tlog\link.command.1.tlog
e:\documents\visual studio 2013\projects\vclesson\lesson06\lesson06\debug\lesson06.tlog\link.read.1.tlog
e:\documents\visual studio 2013\projects\vclesson\lesson06\lesson06\debug\lesson06.tlog\link.write.1.tlog
e:\documents\visual studio 2013\projects\vclesson\lesson06\lesson06\debug\lesson06.tlog\rc.command.1.tlog
e:\documents\visual studio 2013\projects\vclesson\lesson06\lesson06\debug\lesson06.tlog\rc.read.1.tlog
e:\documents\visual studio 2013\projects\vclesson\lesson06\lesson06\debug\lesson06.tlog\rc.write.1.tlog
